{"/Users/zhonglingxiao/mygit/z.js/src/device/env.js": {"path":"/Users/zhonglingxiao/mygit/z.js/src/device/env.js","statementMap":{"0":{"start":{"line":1,"column":19},"end":{"line":1,"column":83}},"1":{"start":{"line":2,"column":23},"end":{"line":2,"column":109}},"2":{"start":{"line":3,"column":22},"end":{"line":3,"column":72}}},"fnMap":{},"branchMap":{"0":{"loc":{"start":{"line":1,"column":19},"end":{"line":1,"column":83}},"type":"binary-expr","locations":[{"start":{"line":1,"column":19},"end":{"line":1,"column":63}},{"start":{"line":1,"column":67},"end":{"line":1,"column":83}}],"line":1},"1":{"loc":{"start":{"line":2,"column":23},"end":{"line":2,"column":109}},"type":"binary-expr","locations":[{"start":{"line":2,"column":23},"end":{"line":2,"column":66}},{"start":{"line":2,"column":70},"end":{"line":2,"column":109}}],"line":2}},"s":{"0":1,"1":1,"2":1},"f":{},"b":{"0":[1,0],"1":[1,1]},"_coverageSchema":"332fd63041d2c1bcb487cc26dd0d5f7d97098a6c","hash":"7292b7353cdb92a9991f6bf7916db485f13431f3"}
,"/Users/zhonglingxiao/mygit/z.js/src/device/index.js": {"path":"/Users/zhonglingxiao/mygit/z.js/src/device/index.js","statementMap":{},"fnMap":{},"branchMap":{},"s":{},"f":{},"b":{},"_coverageSchema":"332fd63041d2c1bcb487cc26dd0d5f7d97098a6c","hash":"de667eb8f6e5ee5621a3854cab2d17d487abf16f"}
,"/Users/zhonglingxiao/mygit/z.js/src/device/ismobile.js": {"path":"/Users/zhonglingxiao/mygit/z.js/src/device/ismobile.js","statementMap":{"0":{"start":{"line":3,"column":14},"end":{"line":3,"column":16}},"1":{"start":{"line":4,"column":11},"end":{"line":4,"column":30}},"2":{"start":{"line":5,"column":22},"end":{"line":5,"column":340}},"3":{"start":{"line":6,"column":22},"end":{"line":6,"column":1659}},"4":{"start":{"line":7,"column":2},"end":{"line":7,"column":34}},"5":{"start":{"line":7,"column":17},"end":{"line":7,"column":34}},"6":{"start":{"line":8,"column":2},"end":{"line":8,"column":74}},"7":{"start":{"line":9,"column":2},"end":{"line":9,"column":19}}},"fnMap":{"0":{"name":"isMobile","decl":{"start":{"line":2,"column":16},"end":{"line":2,"column":24}},"loc":{"start":{"line":2,"column":27},"end":{"line":10,"column":1}},"line":2}},"branchMap":{"0":{"loc":{"start":{"line":7,"column":2},"end":{"line":7,"column":34}},"type":"if","locations":[{"start":{"line":7,"column":2},"end":{"line":7,"column":34}},{"start":{"line":7,"column":2},"end":{"line":7,"column":34}}],"line":7},"1":{"loc":{"start":{"line":8,"column":14},"end":{"line":8,"column":73}},"type":"binary-expr","locations":[{"start":{"line":8,"column":14},"end":{"line":8,"column":35}},{"start":{"line":8,"column":39},"end":{"line":8,"column":73}}],"line":8}},"s":{"0":1,"1":1,"2":1,"3":1,"4":1,"5":0,"6":1,"7":1},"f":{"0":1},"b":{"0":[0,1],"1":[1,1]},"_coverageSchema":"332fd63041d2c1bcb487cc26dd0d5f7d97098a6c","hash":"26c78509a0437269f1dd52b768f49dbca29f329a"}
,"/Users/zhonglingxiao/mygit/z.js/src/reg/index.js": {"path":"/Users/zhonglingxiao/mygit/z.js/src/reg/index.js","statementMap":{},"fnMap":{},"branchMap":{},"s":{},"f":{},"b":{},"_coverageSchema":"332fd63041d2c1bcb487cc26dd0d5f7d97098a6c","hash":"ff156058831930f52cab0395ae1b6de5ec9dda9b"}
,"/Users/zhonglingxiao/mygit/z.js/src/reg/isEmail.js": {"path":"/Users/zhonglingxiao/mygit/z.js/src/reg/isEmail.js","statementMap":{"0":{"start":{"line":2,"column":2},"end":{"line":2,"column":89}}},"fnMap":{"0":{"name":"isEmail","decl":{"start":{"line":1,"column":16},"end":{"line":1,"column":23}},"loc":{"start":{"line":1,"column":32},"end":{"line":3,"column":1}},"line":1}},"branchMap":{},"s":{"0":2},"f":{"0":2},"b":{},"_coverageSchema":"332fd63041d2c1bcb487cc26dd0d5f7d97098a6c","hash":"1a6991fe5ffa67edfaa2f9ea3619b4cc91de968c"}
,"/Users/zhonglingxiao/mygit/z.js/src/reg/isPhone.js": {"path":"/Users/zhonglingxiao/mygit/z.js/src/reg/isPhone.js","statementMap":{"0":{"start":{"line":2,"column":2},"end":{"line":2,"column":62}}},"fnMap":{"0":{"name":"isPhone","decl":{"start":{"line":1,"column":16},"end":{"line":1,"column":23}},"loc":{"start":{"line":1,"column":32},"end":{"line":3,"column":1}},"line":1}},"branchMap":{},"s":{"0":2},"f":{"0":2},"b":{},"_coverageSchema":"332fd63041d2c1bcb487cc26dd0d5f7d97098a6c","hash":"5f4746fe357de8e2e00604d65c51a3ad315d0a2d"}
,"/Users/zhonglingxiao/mygit/z.js/src/url/getParamByName.js": {"path":"/Users/zhonglingxiao/mygit/z.js/src/url/getParamByName.js","statementMap":{"0":{"start":{"line":8,"column":2},"end":{"line":8,"column":39}},"1":{"start":{"line":8,"column":12},"end":{"line":8,"column":39}},"2":{"start":{"line":9,"column":2},"end":{"line":9,"column":41}},"3":{"start":{"line":10,"column":14},"end":{"line":10,"column":61}},"4":{"start":{"line":11,"column":16},"end":{"line":11,"column":31}},"5":{"start":{"line":12,"column":2},"end":{"line":12,"column":28}},"6":{"start":{"line":12,"column":16},"end":{"line":12,"column":28}},"7":{"start":{"line":13,"column":2},"end":{"line":13,"column":29}},"8":{"start":{"line":13,"column":19},"end":{"line":13,"column":29}},"9":{"start":{"line":14,"column":2},"end":{"line":14,"column":60}}},"fnMap":{"0":{"name":"getParamByName","decl":{"start":{"line":7,"column":16},"end":{"line":7,"column":30}},"loc":{"start":{"line":7,"column":42},"end":{"line":15,"column":1}},"line":7}},"branchMap":{"0":{"loc":{"start":{"line":8,"column":2},"end":{"line":8,"column":39}},"type":"if","locations":[{"start":{"line":8,"column":2},"end":{"line":8,"column":39}},{"start":{"line":8,"column":2},"end":{"line":8,"column":39}}],"line":8},"1":{"loc":{"start":{"line":12,"column":2},"end":{"line":12,"column":28}},"type":"if","locations":[{"start":{"line":12,"column":2},"end":{"line":12,"column":28}},{"start":{"line":12,"column":2},"end":{"line":12,"column":28}}],"line":12},"2":{"loc":{"start":{"line":13,"column":2},"end":{"line":13,"column":29}},"type":"if","locations":[{"start":{"line":13,"column":2},"end":{"line":13,"column":29}},{"start":{"line":13,"column":2},"end":{"line":13,"column":29}}],"line":13}},"s":{"0":4,"1":2,"2":4,"3":4,"4":4,"5":4,"6":1,"7":3,"8":0,"9":3},"f":{"0":4},"b":{"0":[2,2],"1":[1,3],"2":[0,3]},"_coverageSchema":"332fd63041d2c1bcb487cc26dd0d5f7d97098a6c","hash":"80caf9a37c38e9ca1fd2ce42958448fc7e26e8a7"}
,"/Users/zhonglingxiao/mygit/z.js/src/url/index.js": {"path":"/Users/zhonglingxiao/mygit/z.js/src/url/index.js","statementMap":{},"fnMap":{},"branchMap":{},"s":{},"f":{},"b":{},"_coverageSchema":"332fd63041d2c1bcb487cc26dd0d5f7d97098a6c","hash":"38305aaecc6187bcbd54614c859d8c2e49aa3d00"}
,"/Users/zhonglingxiao/mygit/z.js/src/url/parseQueryString.js": {"path":"/Users/zhonglingxiao/mygit/z.js/src/url/parseQueryString.js","statementMap":{"0":{"start":{"line":21,"column":2},"end":{"line":21,"column":39}},"1":{"start":{"line":21,"column":12},"end":{"line":21,"column":39}},"2":{"start":{"line":22,"column":15},"end":{"line":22,"column":87}},"3":{"start":{"line":23,"column":19},"end":{"line":23,"column":31}},"4":{"start":{"line":24,"column":2},"end":{"line":29,"column":3}},"5":{"start":{"line":25,"column":15},"end":{"line":25,"column":32}},"6":{"start":{"line":26,"column":4},"end":{"line":28,"column":5}},"7":{"start":{"line":27,"column":6},"end":{"line":27,"column":86}},"8":{"start":{"line":30,"column":2},"end":{"line":30,"column":20}}},"fnMap":{"0":{"name":"parseQueryString","decl":{"start":{"line":20,"column":16},"end":{"line":20,"column":32}},"loc":{"start":{"line":20,"column":38},"end":{"line":31,"column":1}},"line":20}},"branchMap":{"0":{"loc":{"start":{"line":21,"column":2},"end":{"line":21,"column":39}},"type":"if","locations":[{"start":{"line":21,"column":2},"end":{"line":21,"column":39}},{"start":{"line":21,"column":2},"end":{"line":21,"column":39}}],"line":21},"1":{"loc":{"start":{"line":22,"column":15},"end":{"line":22,"column":87}},"type":"cond-expr","locations":[{"start":{"line":22,"column":32},"end":{"line":22,"column":45}},{"start":{"line":22,"column":48},"end":{"line":22,"column":87}}],"line":22},"2":{"loc":{"start":{"line":24,"column":2},"end":{"line":29,"column":3}},"type":"if","locations":[{"start":{"line":24,"column":2},"end":{"line":29,"column":3}},{"start":{"line":24,"column":2},"end":{"line":29,"column":3}}],"line":24}},"s":{"0":2,"1":1,"2":2,"3":2,"4":2,"5":2,"6":2,"7":3,"8":2},"f":{"0":2},"b":{"0":[1,1],"1":[0,2],"2":[2,0]},"_coverageSchema":"332fd63041d2c1bcb487cc26dd0d5f7d97098a6c","hash":"c83a911b9ff461701f2505ff1e8d470a80b508e3"}
}
