TN:
SF:/Users/zhonglingxiao/mygit/z.js/src/url/getParams.js
FN:7,getParamByName
FNF:1
FNH:1
FNDA:2,getParamByName
DA:8,2
DA:9,2
DA:10,2
DA:11,2
DA:12,2
DA:13,2
DA:14,2
LF:7
LH:7
BRDA:8,0,0,0
BRDA:8,0,1,2
BRDA:12,1,0,0
BRDA:12,1,1,2
BRDA:13,2,0,0
BRDA:13,2,1,2
BRF:6
BRH:3
end_of_record
TN:
SF:/Users/zhonglingxiao/mygit/z.js/src/url/parseQueryString.js
FN:20,parseQueryString
FNF:1
FNH:1
FNDA:1,parseQueryString
DA:21,1
DA:22,1
DA:23,1
DA:24,1
DA:25,1
DA:26,1
DA:27,2
DA:30,1
LF:8
LH:8
BRDA:21,0,0,0
BRDA:21,0,1,1
BRDA:22,1,0,0
BRDA:22,1,1,1
BRDA:24,2,0,1
BRDA:24,2,1,0
BRF:6
BRH:3
end_of_record
