TN:
SF:/Users/zhonglingxiao/mygit/z.js/src/url/getParams.js
FN:1,getParamByName
FNF:1
FNH:1
FNDA:2,getParamByName
DA:2,2
DA:3,2
DA:4,2
DA:5,2
DA:6,2
DA:7,2
DA:8,2
LF:7
LH:7
BRDA:2,0,0,0
BRDA:2,0,1,2
BRDA:6,1,0,0
BRDA:6,1,1,2
BRDA:7,2,0,0
BRDA:7,2,1,2
BRF:6
BRH:3
end_of_record
TN:
SF:/Users/zhonglingxiao/mygit/z.js/src/url/parseQueryString.js
FN:1,parseQueryString
FNF:1
FNH:1
FNDA:1,parseQueryString
DA:2,1
DA:3,1
DA:4,1
DA:5,1
DA:6,1
DA:7,1
DA:8,2
DA:11,1
LF:8
LH:8
BRDA:2,0,0,0
BRDA:2,0,1,1
BRDA:3,1,0,0
BRDA:3,1,1,1
BRDA:5,2,0,1
BRDA:5,2,1,0
BRF:6
BRH:3
end_of_record
